======================================================
12D MODEL - SURVEY CONFORMANCE REPORT: PAVEMENT
File: C:\Users\Brett\Dropbox (Alliance Surveying)\0071 MACA KTP Road\10_Asbuilts\Asbuilt Pavement\Asbuilt 3A\Asbuilt Basecourse\200817 BP ASB BC 496580 - 497340\200817 BP ASB BC 496580 - 497340.rpt
Page: 1
------------------------------------------------------

Original Survey File     : 
Lot Number               : 
Lot Location             : 3A - Basecourse
Lot Description          : 

Project                  : 0071 Asbuilts Pavement
Control String           : "DES 3A Rev 8 GC->GC30"
Design Pavement Tin      : "DES 3A Rev 8 FL CROWN ONLY"

Depth From Design        : 0 (vertical)

Tolerances Measured      : vertical
Upper Tolerance          :  0.020
Lower Tolerance          : -0.005

------------------------------------------------------
Point         Point      Point      Point        Point
Desc       Chainage     Offset      Level  Conformance
------------------------------------------------------
ASB BC   496580.016     -5.093    310.651        0.013
ASB BC   496579.825     -3.437    310.706        0.017
ASB BC   496580.063     -0.983    310.782        0.017
ASB BC   496579.949      1.122    310.789        0.018
ASB BC   496580.174      3.502    310.733        0.015
ASB BC   496580.129      5.990    310.674        0.013

ASB BC   496599.763     -5.254    310.690        0.017
ASB BC   496599.950     -3.541    310.750        0.019
ASB BC   496600.004     -0.948    310.837        0.020
ASB BC   496599.996      1.137    310.859        0.017
ASB BC   496599.996      3.570    310.848        0.022 >  0.020 
ASB BC   496600.176      5.335    310.827        0.010

ASB BC   496620.096     -5.164    310.736        0.019
ASB BC   496620.055     -3.488    310.796        0.019
ASB BC   496620.095     -1.092    310.882        0.019
ASB BC   496620.218      0.943    310.928        0.016
ASB BC   496620.184      3.520    310.957        0.020
ASB BC   496620.213      5.247    310.966        0.010

ASB BC   496640.134     -5.139    310.777        0.017
ASB BC   496639.958     -3.493    310.842        0.020
ASB BC   496640.002     -0.955    310.937        0.019
ASB BC   496639.969      1.087    311.002        0.019
ASB BC   496640.016      3.524    311.065        0.018
ASB BC   496640.246      5.265    311.109        0.014

ASB BC   496660.003     -5.171    310.818        0.017
ASB BC   496659.908     -3.532    310.884        0.018
ASB BC   496659.956     -1.131    310.980        0.018
ASB BC   496659.969      1.034    311.067        0.018
ASB BC   496660.007      3.457    311.166        0.020
ASB BC   496660.015      5.072    311.237        0.027 >  0.020 

ASB BC   496679.899     -5.202    310.872        0.020
ASB BC   496679.950     -3.501    310.933        0.013
ASB BC   496680.024     -1.036    311.034        0.015
ASB BC   496679.996      1.024    311.120        0.019
ASB BC   496679.855      3.408    311.213        0.016
ASB BC   496680.007      5.169    311.287        0.020

ASB BC   496700.208     -5.086    310.923        0.013
ASB BC   496700.039     -3.330    310.992        0.012
ASB BC   496700.020     -0.968    311.090        0.015
ASB BC   496700.040      0.997    311.165        0.012
ASB BC   496700.043      3.646    311.273        0.014
ASB BC   496700.030      5.199    311.339        0.018

ASB BC   496720.138     -5.077    310.982        0.019
ASB BC   496720.100     -3.562    311.042        0.018
ASB BC   496720.049     -1.058    311.134        0.010
ASB BC   496720.042      1.128    311.224        0.013
ASB BC   496720.041      3.603    311.327        0.016
ASB BC   496720.113      5.097    311.388        0.018

ASB BC   496740.091     -4.965    311.041        0.018
ASB BC   496740.091     -3.643    311.096        0.020
ASB BC   496740.064     -1.043    311.190        0.010
ASB BC   496740.074      1.010    311.275        0.013
ASB BC   496740.143      3.662    311.385        0.016
ASB BC   496740.085      5.119    311.445        0.018

ASB BC   496759.968     -4.996    311.116        0.019
ASB BC   496760.014     -3.544    311.173        0.019
ASB BC   496759.969     -1.141    311.265        0.014
ASB BC   496760.012      0.979    311.345        0.009
ASB BC   496759.933      3.554    311.451        0.012
ASB BC   496759.938      5.201    311.518        0.014

ASB BC   496780.112     -5.170    311.205        0.018
ASB BC   496780.140     -3.586    311.269        0.018
ASB BC   496780.021     -1.084    311.363        0.013
ASB BC   496779.986      0.948    311.445        0.014
ASB BC   496780.073      3.555    311.550        0.014
ASB BC   496779.984      5.187    311.617        0.016

ASB BC   496800.023     -5.244    311.322        0.020
ASB BC   496800.064     -3.581    311.384        0.015
ASB BC   496800.035     -1.124    311.484        0.017
ASB BC   496799.990      1.099    311.572        0.016
ASB BC   496800.062      3.487    311.668        0.016
ASB BC   496799.852      5.193    311.737        0.018

ASB BC   496819.778     -5.120    311.459        0.013
ASB BC   496819.949     -3.436    311.522        0.007
ASB BC   496819.952     -1.082    311.622        0.014
ASB BC   496819.947      0.946    311.708        0.018
ASB BC   496819.965      3.502    311.804        0.012
ASB BC   496819.953      5.166    311.876        0.018

ASB BC   496839.918     -5.252    311.610        0.009
ASB BC   496839.996     -3.512    311.681        0.010
ASB BC   496839.972     -0.956    311.785        0.012
ASB BC   496839.981      0.918    311.862        0.013
ASB BC   496840.028      3.454    311.969        0.019
ASB BC   496839.916      5.130    312.034        0.018

ASB BC   496860.180     -5.091    311.789        0.017
ASB BC   496860.142     -3.353    311.852        0.011
ASB BC   496860.123     -0.917    311.954        0.015
ASB BC   496860.147      1.035    312.030        0.013
ASB BC   496860.047      3.532    312.134        0.018
ASB BC   496860.036      5.185    312.197        0.015

ASB BC   496879.866     -5.150    311.947        0.018
ASB BC   496879.872     -3.691    312.006        0.018
ASB BC   496879.861     -0.982    312.111        0.014
ASB BC   496879.807      0.886    312.184        0.014
ASB BC   496879.813      3.490    312.291        0.016
ASB BC   496879.846      5.210    312.361        0.017

ASB BC   496900.008     -5.128    312.108        0.014
ASB BC   496899.995     -3.550    312.171        0.015
ASB BC   496899.863     -1.060    312.273        0.017
ASB BC   496899.976      1.137    312.356        0.012
ASB BC   496899.873      3.476    312.454        0.018
ASB BC   496899.887      5.158    312.523        0.019

ASB BC   496920.206     -5.177    312.255        0.000
ASB BC   496920.028     -3.597    312.325        0.008
ASB BC   496919.950     -1.040    312.430        0.011
ASB BC   496919.865      0.939    312.510        0.013
ASB BC   496919.806      3.538    312.611        0.010
ASB BC   496919.713      5.087    312.684        0.022 >  0.020 

ASB BC   496939.994     -5.243    312.434        0.014
ASB BC   496940.049     -3.479    312.492        0.003
ASB BC   496940.081     -0.867    312.605        0.014
ASB BC   496940.116      1.137    312.670        0.010
ASB BC   496940.050      3.527    312.748        0.014
ASB BC   496940.244      5.092    312.814        0.029 >  0.020 

ASB BC   496960.138     -5.322    312.593        0.000
ASB BC   496959.951     -3.413    312.659       -0.002
ASB BC   496960.157     -1.009    312.760        0.010
ASB BC   496959.964      1.103    312.809        0.007
ASB BC   496959.951      3.583    312.838       -0.001
ASB BC   496960.029      5.280    312.863       -0.003

ASB BC   496980.066     -5.140    312.777        0.004
ASB BC   496980.045     -3.540    312.837        0.009
ASB BC   496979.952     -1.124    312.919        0.010
ASB BC   496980.002      0.913    312.955        0.008
ASB BC   496979.998      3.514    312.950        0.006
ASB BC   496980.048      5.123    312.932       -0.011 < -0.005 

ASB BC   496999.962     -5.197    312.958        0.013
ASB BC   497000.021     -3.550    313.003        0.005
ASB BC   497000.032     -0.982    313.089        0.010
ASB BC   497000.023      1.169    313.109        0.019
ASB BC   497000.060      3.576    313.058        0.010
ASB BC   497000.261      5.302    312.992       -0.027 < -0.005 

ASB BC   497019.887     -5.329    313.111        0.000
ASB BC   497019.961     -3.492    313.173        0.006
ASB BC   497019.817     -0.986    313.253        0.011
ASB BC   497019.880      1.019    313.250        0.009
ASB BC   497020.042      3.592    313.167        0.002
ASB BC   497020.188      5.325    313.112       -0.002

ASB BC   497039.961     -5.321    313.276        0.006
ASB BC   497040.152     -3.480    313.334        0.007
ASB BC   497040.094     -0.913    313.411        0.007
ASB BC   497040.118      1.001    313.415        0.014
ASB BC   497040.114      3.492    313.340        0.014
ASB BC   497040.202      5.260    313.275        0.001

ASB BC   497060.034     -5.280    313.409        0.013
ASB BC   497060.068     -3.460    313.456        0.004
ASB BC   497059.944     -1.138    313.529        0.009
ASB BC   497059.957      0.946    313.535        0.008
ASB BC   497060.019      3.483    313.464        0.014
ASB BC   497060.192      5.216    313.400        0.001

ASB BC   497079.894     -5.293    313.493        0.011
ASB BC   497079.854     -3.462    313.529       -0.008 < -0.005 
ASB BC   497079.947     -1.102    313.615        0.007
ASB BC   497080.016      1.085    313.616        0.007
ASB BC   497080.064      3.600    313.546        0.013
ASB BC   497080.194      5.179    313.499        0.012

ASB BC   497100.132     -5.232    313.551        0.018
ASB BC   497100.239     -3.546    313.582       -0.002
ASB BC   497099.985     -1.078    313.667        0.009
ASB BC   497100.143      1.013    313.669        0.009
ASB BC   497100.168      3.474    313.597        0.011
ASB BC   497100.098      5.145    313.536        0.000

ASB BC   497120.034     -5.154    313.557        0.011
ASB BC   497120.106     -3.515    313.593       -0.003
ASB BC   497119.993     -1.028    313.680        0.009
ASB BC   497120.039      1.022    313.682        0.011
ASB BC   497120.028      3.438    313.611        0.013
ASB BC   497119.977      5.144    313.552        0.005

ASB BC   497140.134     -5.138    313.528        0.008
ASB BC   497140.082     -3.629    313.569        0.004
ASB BC   497140.028     -1.042    313.657        0.014
ASB BC   497140.127      1.073    313.651        0.009
ASB BC   497140.081      3.584    313.581        0.014
ASB BC   497140.112      5.129    313.535        0.014

ASB BC   497160.029     -5.173    313.461        0.006
ASB BC   497159.850     -3.561    313.507        0.003
ASB BC   497159.966     -1.015    313.589        0.010
ASB BC   497159.883      1.055    313.594        0.015
ASB BC   497159.939      3.500    313.514        0.009
ASB BC   497159.949      5.175    313.459        0.004

ASB BC   497180.023     -5.128    313.367        0.014
ASB BC   497180.129     -3.487    313.406        0.004
ASB BC   497180.098     -1.059    313.489        0.014
ASB BC   497180.024      0.917    313.492        0.013
ASB BC   497180.018      3.467    313.411        0.008
ASB BC   497180.057      5.099    313.361        0.008

ASB BC   497199.988     -5.207    313.220        0.009
ASB BC   497199.955     -3.541    313.264        0.003
ASB BC   497200.001     -1.069    313.345        0.011
ASB BC   497199.951      1.288    313.343        0.015
ASB BC   497200.049      3.642    313.270        0.013
ASB BC   497200.200      5.158    313.222        0.012

ASB BC   497220.000     -5.254    313.041        0.010
ASB BC   497220.114     -3.492    313.086        0.003
ASB BC   497220.076     -1.126    313.164        0.010
ASB BC   497220.024      1.013    313.167        0.009
ASB BC   497219.971      3.471    313.102        0.017
ASB BC   497220.025      5.204    313.055        0.023 >  0.020 

ASB BC   497239.691     -5.294    312.828        0.010
ASB BC   497239.889     -3.568    312.868        0.001
ASB BC   497239.901     -1.067    312.949        0.007
ASB BC   497239.979      0.995    312.951        0.008
ASB BC   497239.936      3.406    312.880        0.009
ASB BC   497240.045      5.202    312.829        0.013

ASB BC   497260.048     -5.339    312.564        0.001
ASB BC   497259.973     -3.479    312.618       -0.002
ASB BC   497260.027     -1.016    312.696        0.004
ASB BC   497260.049      1.006    312.701        0.008
ASB BC   497260.043      3.598    312.622        0.007
ASB BC   497260.027      5.058    312.565       -0.006 < -0.005 

ASB BC   497279.953     -5.281    312.316        0.004
ASB BC   497280.072     -3.644    312.365        0.005
ASB BC   497280.007     -1.082    312.447        0.009
ASB BC   497280.033      1.009    312.443        0.004
ASB BC   497280.036      3.554    312.370        0.007
ASB BC   497279.849      5.123    312.326        0.008

ASB BC   497300.032     -5.271    312.064        0.007
ASB BC   497300.102     -3.595    312.112        0.005
ASB BC   497300.110     -1.044    312.192        0.009
ASB BC   497300.058      1.006    312.196        0.011
ASB BC   497300.033      3.506    312.123        0.013
ASB BC   497300.051      5.221    312.060        0.001

ASB BC   497320.036     -5.285    311.808        0.004
ASB BC   497320.023     -3.374    311.866        0.005
ASB BC   497320.020     -1.081    311.931        0.002
ASB BC   497320.117      0.841    311.944        0.008
ASB BC   497320.108      3.576    311.866        0.013
ASB BC   497320.109      5.119    311.824        0.016

ASB BC   497340.011     -5.244    311.546       -0.005
ASB BC   497339.963     -3.454    311.600       -0.005
ASB BC   497340.031     -1.155    311.694        0.020
ASB BC   497340.075      0.697    311.704        0.017
ASB BC   497340.133      3.533    311.617        0.017
ASB BC   497340.248      5.247    311.553        0.005
------------------------------------------------------
 
POINTS PROCESSED   :        814
 
VERTICAL SUMMARY

Points Tested      :        234
Within Tolerance   :        225 ( 96.2%)
Too High           :          5 (  2.1%)
Too Low            :          4 (  1.7%)
Maximum Conformance:      0.029
Minimum Conformance:     -0.027
Average Conformance:      0.011
Standard Deviation :      0.007

------------------------------------------------------





Signed: _____________________________________

        Brett Penny
        Surveyor
        Mon 17-Aug-2020 11:39:43

